#! /c/Source/iverilog-install/bin/vvp
:ivl_version "12.0 (devel)" "(s20150603-1539-g2693dd32b)";
:ivl_delay_selection "TYPICAL";
:vpi_time_precision - 12;
:vpi_module "D:\iverilog\lib\ivl\system.vpi";
:vpi_module "D:\iverilog\lib\ivl\vhdl_sys.vpi";
:vpi_module "D:\iverilog\lib\ivl\vhdl_textio.vpi";
:vpi_module "D:\iverilog\lib\ivl\v2005_math.vpi";
:vpi_module "D:\iverilog\lib\ivl\va_math.vpi";
S_000001b18d6cef80 .scope module, "tb_multiplier" "tb_multiplier" 2 2;
 .timescale -9 -12;
v000001b18d727e80_0 .net "busy", 0 0, v000001b18d727660_0;  1 drivers
v000001b18d7273e0_0 .var "clk", 0 0;
v000001b18d727b60_0 .var "dataA", 31 0;
v000001b18d727f20_0 .var "dataB", 31 0;
v000001b18d727fc0_0 .net "dataOut", 63 0, v000001b18d727de0_0;  1 drivers
v000001b18d7270c0_0 .net "done", 0 0, v000001b18d727700_0;  1 drivers
v000001b18d727160_0 .var "pushNewMult", 0 0;
v000001b18d728cb0_0 .var "reset", 0 0;
S_000001b18d6cf110 .scope task, "drive_mult" "drive_mult" 2 30, 2 30 0, S_000001b18d6cef80;
 .timescale -9 -12;
v000001b18d6d6ee0_0 .var "dataAInp", 31 0;
v000001b18d692c30_0 .var "dataBInp", 31 0;
E_000001b18d6bcbc0 .event negedge, v000001b18d727520_0;
E_000001b18d6bd9c0 .event posedge, v000001b18d727520_0;
TD_tb_multiplier.drive_mult ;
    %wait E_000001b18d6bcbc0;
    %pushi/vec4 1, 0, 1;
    %store/vec4 v000001b18d727160_0, 0, 1;
    %load/vec4 v000001b18d6d6ee0_0;
    %store/vec4 v000001b18d727b60_0, 0, 32;
    %load/vec4 v000001b18d692c30_0;
    %store/vec4 v000001b18d727f20_0, 0, 32;
    %wait E_000001b18d6bd9c0;
    %wait E_000001b18d6bcbc0;
    %pushi/vec4 0, 0, 1;
    %store/vec4 v000001b18d727160_0, 0, 1;
    %end;
S_000001b18d6c40d0 .scope module, "dut" "multiplier" 2 13, 3 1 0, S_000001b18d6cef80;
 .timescale 0 0;
    .port_info 0 /INPUT 1 "clk";
    .port_info 1 /INPUT 1 "reset";
    .port_info 2 /INPUT 32 "dataA";
    .port_info 3 /INPUT 32 "dataB";
    .port_info 4 /INPUT 1 "pushNewMult";
    .port_info 5 /OUTPUT 64 "dataOut";
    .port_info 6 /OUTPUT 1 "busy";
    .port_info 7 /OUTPUT 1 "done";
P_000001b18d692e40 .param/l "SPLIT_COUNT" 0 3 2, +C4<00000000000000000000000000001000>;
P_000001b18d692e78 .param/l "SPLIT_WIDTH" 1 3 11, +C4<00000000000000000000000000000100>;
v000001b18d6c0d30_0 .net *"_ivl_0", 31 0, L_000001b18d728fd0;  1 drivers
L_000001b18d72a098 .functor BUFT 1, C4<0000000000000000000000000000>, C4<0>, C4<0>, C4<0>;
v000001b18d6cf2a0_0 .net *"_ivl_3", 27 0, L_000001b18d72a098;  1 drivers
L_000001b18d72a0e0 .functor BUFT 1, C4<00000000000000000000000000000100>, C4<0>, C4<0>, C4<0>;
v000001b18d6cf340_0 .net/2u *"_ivl_4", 31 0, L_000001b18d72a0e0;  1 drivers
v000001b18d6c4260_0 .net *"_ivl_7", 31 0, L_000001b18d728e90;  1 drivers
v000001b18d727660_0 .var "busy", 0 0;
v000001b18d727520_0 .net "clk", 0 0, v000001b18d7273e0_0;  1 drivers
v000001b18d727480_0 .var "countState", 3 0;
v000001b18d727200_0 .net "dataA", 31 0, v000001b18d727b60_0;  1 drivers
v000001b18d7275c0_0 .var "dataACompute", 31 0;
v000001b18d7272a0_0 .var "dataASave", 31 0;
v000001b18d7278e0_0 .net "dataB", 31 0, v000001b18d727f20_0;  1 drivers
v000001b18d727ca0_0 .var "dataBSave", 31 0;
v000001b18d727d40_0 .var "dataCompute", 3 0;
v000001b18d727c00_0 .var "dataInter", 63 0;
v000001b18d727de0_0 .var "dataOut", 63 0;
v000001b18d727340_0 .net "dataSplitting", 3 0, L_000001b18d728710;  1 drivers
v000001b18d727980_0 .var "dataStore", 31 0;
v000001b18d727700_0 .var "done", 0 0;
v000001b18d7277a0_0 .var/i "i", 31 0;
v000001b18d727a20_0 .net "pushNewMult", 0 0, v000001b18d727160_0;  1 drivers
v000001b18d727ac0_0 .net "reset", 0 0, v000001b18d728cb0_0;  1 drivers
v000001b18d727840_0 .var "valid", 0 0;
E_000001b18d6bd240 .event posedge, v000001b18d727ac0_0, v000001b18d727520_0;
E_000001b18d6bd280 .event anyedge, v000001b18d727c00_0, v000001b18d7275c0_0, v000001b18d727d40_0;
L_000001b18d728fd0 .concat [ 4 28 0 0], v000001b18d727480_0, L_000001b18d72a098;
L_000001b18d728e90 .arith/mult 32, L_000001b18d728fd0, L_000001b18d72a0e0;
L_000001b18d728710 .part/v v000001b18d727ca0_0, L_000001b18d728e90, 4;
S_000001b18d6c4410 .scope task, "wait_done" "wait_done" 2 43, 2 43 0, S_000001b18d6cef80;
 .timescale -9 -12;
E_000001b18d6bda00 .event posedge, v000001b18d727700_0;
TD_tb_multiplier.wait_done ;
    %wait E_000001b18d6bda00;
    %end;
    .scope S_000001b18d6c40d0;
T_2 ;
    %wait E_000001b18d6bd280;
    %pushi/vec4 0, 0, 64;
    %store/vec4 v000001b18d727c00_0, 0, 64;
    %pushi/vec4 0, 0, 32;
    %store/vec4 v000001b18d7277a0_0, 0, 32;
T_2.0 ;
    %load/vec4 v000001b18d7277a0_0;
    %cmpi/s 4, 0, 32;
    %jmp/0xz T_2.1, 5;
    %load/vec4 v000001b18d727c00_0;
    %pushi/vec4 0, 0, 32;
    %load/vec4 v000001b18d7275c0_0;
    %concat/vec4; draw_concat_vec4
    %load/vec4 v000001b18d727d40_0;
    %load/vec4 v000001b18d7277a0_0;
    %part/s 1;
    %replicate 64;
    %and;
    %load/vec4 v000001b18d7277a0_0;
    %ix/vec4 4;
    %shiftl 4;
    %add;
    %store/vec4 v000001b18d727c00_0, 0, 64;
    %load/vec4 v000001b18d7277a0_0;
    %addi 1, 0, 32;
    %store/vec4 v000001b18d7277a0_0, 0, 32;
    %jmp T_2.0;
T_2.1 ;
    %jmp T_2;
    .thread T_2, $push;
    .scope S_000001b18d6c40d0;
T_3 ;
    %wait E_000001b18d6bd240;
    %load/vec4 v000001b18d727ac0_0;
    %flag_set/vec4 8;
    %jmp/0xz  T_3.0, 8;
    %pushi/vec4 0, 0, 1;
    %assign/vec4 v000001b18d727840_0, 0;
    %pushi/vec4 0, 0, 1;
    %assign/vec4 v000001b18d727660_0, 0;
    %pushi/vec4 0, 0, 1;
    %assign/vec4 v000001b18d727700_0, 0;
    %pushi/vec4 0, 0, 4;
    %assign/vec4 v000001b18d727480_0, 0;
    %pushi/vec4 0, 0, 32;
    %assign/vec4 v000001b18d727980_0, 0;
    %jmp T_3.1;
T_3.0 ;
    %pushi/vec4 0, 0, 1;
    %assign/vec4 v000001b18d727700_0, 0;
    %load/vec4 v000001b18d727a20_0;
    %flag_set/vec4 9;
    %flag_get/vec4 9;
    %jmp/0 T_3.4, 9;
    %load/vec4 v000001b18d727660_0;
    %nor/r;
    %and;
T_3.4;
    %flag_set/vec4 8;
    %jmp/0xz  T_3.2, 8;
    %load/vec4 v000001b18d727200_0;
    %assign/vec4 v000001b18d7272a0_0, 0;
    %load/vec4 v000001b18d7278e0_0;
    %assign/vec4 v000001b18d727ca0_0, 0;
    %pushi/vec4 1, 0, 1;
    %assign/vec4 v000001b18d727660_0, 0;
    %pushi/vec4 0, 0, 1;
    %assign/vec4 v000001b18d727840_0, 0;
    %pushi/vec4 0, 0, 4;
    %assign/vec4 v000001b18d727480_0, 0;
T_3.2 ;
    %load/vec4 v000001b18d727660_0;
    %flag_set/vec4 8;
    %jmp/0xz  T_3.5, 8;
    %load/vec4 v000001b18d727340_0;
    %assign/vec4 v000001b18d727d40_0, 0;
    %load/vec4 v000001b18d7272a0_0;
    %assign/vec4 v000001b18d7275c0_0, 0;
    %load/vec4 v000001b18d727840_0;
    %flag_set/vec4 8;
    %jmp/0xz  T_3.7, 8;
    %load/vec4 v000001b18d727980_0;
    %pad/u 64;
    %load/vec4 v000001b18d727c00_0;
    %add;
    %pad/u 32;
    %assign/vec4 v000001b18d727980_0, 0;
    %jmp T_3.8;
T_3.7 ;
    %load/vec4 v000001b18d727c00_0;
    %pad/u 32;
    %assign/vec4 v000001b18d727980_0, 0;
    %pushi/vec4 1, 0, 1;
    %assign/vec4 v000001b18d727840_0, 0;
T_3.8 ;
    %load/vec4 v000001b18d727480_0;
    %pad/u 32;
    %cmpi/e 7, 0, 32;
    %jmp/0xz  T_3.9, 4;
    %pushi/vec4 0, 0, 1;
    %assign/vec4 v000001b18d727660_0, 0;
    %pushi/vec4 0, 0, 1;
    %assign/vec4 v000001b18d727840_0, 0;
    %pushi/vec4 1, 0, 1;
    %assign/vec4 v000001b18d727700_0, 0;
    %load/vec4 v000001b18d727980_0;
    %pad/u 64;
    %load/vec4 v000001b18d727c00_0;
    %add;
    %assign/vec4 v000001b18d727de0_0, 0;
    %pushi/vec4 0, 0, 4;
    %assign/vec4 v000001b18d727480_0, 0;
    %jmp T_3.10;
T_3.9 ;
    %load/vec4 v000001b18d727480_0;
    %addi 1, 0, 4;
    %assign/vec4 v000001b18d727480_0, 0;
T_3.10 ;
T_3.5 ;
T_3.1 ;
    %jmp T_3;
    .thread T_3;
    .scope S_000001b18d6cef80;
T_4 ;
    %pushi/vec4 0, 0, 1;
    %store/vec4 v000001b18d7273e0_0, 0, 1;
    %pushi/vec4 1, 0, 1;
    %store/vec4 v000001b18d728cb0_0, 0, 1;
    %delay 13000, 0;
    %pushi/vec4 0, 0, 1;
    %store/vec4 v000001b18d728cb0_0, 0, 1;
    %end;
    .thread T_4;
    .scope S_000001b18d6cef80;
T_5 ;
    %delay 5000, 0;
    %load/vec4 v000001b18d7273e0_0;
    %inv;
    %store/vec4 v000001b18d7273e0_0, 0, 1;
    %jmp T_5;
    .thread T_5;
    .scope S_000001b18d6cef80;
T_6 ;
    %pushi/vec4 0, 0, 1;
    %store/vec4 v000001b18d727160_0, 0, 1;
    %pushi/vec4 0, 0, 32;
    %store/vec4 v000001b18d727b60_0, 0, 32;
    %pushi/vec4 0, 0, 32;
    %store/vec4 v000001b18d727f20_0, 0, 32;
    %delay 20000, 0;
    %pushi/vec4 3, 0, 32;
    %store/vec4 v000001b18d6d6ee0_0, 0, 32;
    %pushi/vec4 5, 0, 32;
    %store/vec4 v000001b18d692c30_0, 0, 32;
    %fork TD_tb_multiplier.drive_mult, S_000001b18d6cf110;
    %join;
    %fork TD_tb_multiplier.wait_done, S_000001b18d6c4410;
    %join;
    %pushi/vec4 4, 0, 32;
    %store/vec4 v000001b18d6d6ee0_0, 0, 32;
    %pushi/vec4 8, 0, 32;
    %store/vec4 v000001b18d692c30_0, 0, 32;
    %fork TD_tb_multiplier.drive_mult, S_000001b18d6cf110;
    %join;
    %fork TD_tb_multiplier.wait_done, S_000001b18d6c4410;
    %join;
    %pushi/vec4 999, 0, 32;
    %store/vec4 v000001b18d6d6ee0_0, 0, 32;
    %pushi/vec4 0, 0, 32;
    %store/vec4 v000001b18d692c30_0, 0, 32;
    %fork TD_tb_multiplier.drive_mult, S_000001b18d6cf110;
    %join;
    %fork TD_tb_multiplier.wait_done, S_000001b18d6c4410;
    %join;
    %pushi/vec4 42, 0, 32;
    %store/vec4 v000001b18d6d6ee0_0, 0, 32;
    %pushi/vec4 1, 0, 32;
    %store/vec4 v000001b18d692c30_0, 0, 32;
    %fork TD_tb_multiplier.drive_mult, S_000001b18d6cf110;
    %join;
    %fork TD_tb_multiplier.wait_done, S_000001b18d6c4410;
    %join;
    %pushi/vec4 200, 0, 32;
    %store/vec4 v000001b18d6d6ee0_0, 0, 32;
    %pushi/vec4 190, 0, 32;
    %store/vec4 v000001b18d692c30_0, 0, 32;
    %fork TD_tb_multiplier.drive_mult, S_000001b18d6cf110;
    %join;
    %fork TD_tb_multiplier.wait_done, S_000001b18d6c4410;
    %join;
    %pushi/vec4 255, 0, 32;
    %store/vec4 v000001b18d6d6ee0_0, 0, 32;
    %pushi/vec4 255, 0, 32;
    %store/vec4 v000001b18d692c30_0, 0, 32;
    %fork TD_tb_multiplier.drive_mult, S_000001b18d6cf110;
    %join;
    %fork TD_tb_multiplier.wait_done, S_000001b18d6c4410;
    %join;
    %pushi/vec4 1000, 0, 32;
    %store/vec4 v000001b18d6d6ee0_0, 0, 32;
    %pushi/vec4 1000, 0, 32;
    %store/vec4 v000001b18d692c30_0, 0, 32;
    %fork TD_tb_multiplier.drive_mult, S_000001b18d6cf110;
    %join;
    %fork TD_tb_multiplier.wait_done, S_000001b18d6c4410;
    %join;
    %delay 30000, 0;
    %vpi_call 2 84 "$finish" {0 0 0};
    %end;
    .thread T_6;
    .scope S_000001b18d6cef80;
T_7 ;
    %vpi_call 2 88 "$dumpfile", "tb_multiplier.vcd" {0 0 0};
    %vpi_call 2 89 "$dumpvars", 32'sb00000000000000000000000000000000, S_000001b18d6cef80 {0 0 0};
    %end;
    .thread T_7;
# The file index is used to find the file name in the following table.
:file_names 4;
    "N/A";
    "<interactive>";
    ".\tb_multiplier.v";
    ".\multiplier.v";
