#! /c/Source/iverilog-install/bin/vvp
:ivl_version "12.0 (devel)" "(s20150603-1539-g2693dd32b)";
:ivl_delay_selection "TYPICAL";
:vpi_time_precision - 12;
:vpi_module "D:\iverilog\lib\ivl\system.vpi";
:vpi_module "D:\iverilog\lib\ivl\vhdl_sys.vpi";
:vpi_module "D:\iverilog\lib\ivl\vhdl_textio.vpi";
:vpi_module "D:\iverilog\lib\ivl\v2005_math.vpi";
:vpi_module "D:\iverilog\lib\ivl\va_math.vpi";
S_000002a782eef620 .scope module, "mem_control_tb" "mem_control_tb" 2 22;
 .timescale -9 -12;
P_000002a782f15dd0 .param/l "TIMEOUT" 1 2 86, +C4<00000000000000000000000000111100>;
v000002a783002e80_0 .var "AddrIn", 31 0;
v000002a783002160_0 .net "AddrOut", 12 0, v000002a782f05800_0;  1 drivers
v000002a783003100_0 .net "BankAddr", 1 0, v000002a782f05260_0;  1 drivers
v000002a783002200_0 .net "ColAddrStrobe", 0 0, v000002a782f05080_0;  1 drivers
v000002a783003380_0 .net "DataMask", 1 0, v000002a782f05300_0;  1 drivers
v000002a783002b60_0 .net "DataOut", 15 0, v000002a782f04ae0_0;  1 drivers
v000002a783003e20_0 .var "EnIn", 0 0;
v000002a783003420_0 .net "ReData", 31 0, v000002a782f04ea0_0;  1 drivers
v000002a783002f20_0 .var "ReDataFromRAM", 15 0;
v000002a783002c00_0 .net "RowAddrStrobe", 0 0, v000002a782f049a0_0;  1 drivers
v000002a783002ca0_0 .var "WrData", 31 0;
v000002a783003740_0 .var "WrEnIn", 0 0;
v000002a783003880_0 .net "WrEnOut", 0 0, v000002a782f054e0_0;  1 drivers
v000002a7830031a0_0 .net "busy", 0 0, v000002a782f04cc0_0;  1 drivers
v000002a783002520_0 .var "clk", 0 0;
v000002a783002d40_0 .net "done", 0 0, v000002a782f058a0_0;  1 drivers
v000002a783004000_0 .var/i "fail_count", 31 0;
v000002a7830025c0_0 .var "first_cas_seen", 0 0;
v000002a783002de0_0 .var/i "pass_count", 31 0;
v000002a783002700_0 .var "ram_word_hi", 15 0;
v000002a783003920_0 .var "ram_word_lo", 15 0;
v000002a7830039c0_0 .var "reset", 0 0;
E_000002a782f156d0 .event negedge, v000002a782f05080_0;
S_000002a782eeb770 .scope task, "check" "check" 2 116, 2 116 0, S_000002a782eef620;
 .timescale -9 -12;
v000002a782f05120_0 .var "condition", 0 0;
v000002a782f04a40_0 .var "label", 127 0;
TD_mem_control_tb.check ;
    %load/vec4 v000002a782f05120_0;
    %flag_set/vec4 8;
    %jmp/0xz  T_0.0, 8;
    %vpi_call 2 121 "$display", "  PASS: %s", v000002a782f04a40_0 {0 0 0};
    %load/vec4 v000002a783002de0_0;
    %addi 1, 0, 32;
    %store/vec4 v000002a783002de0_0, 0, 32;
    %jmp T_0.1;
T_0.0 ;
    %vpi_call 2 124 "$display", "  FAIL: %s", v000002a782f04a40_0 {0 0 0};
    %load/vec4 v000002a783004000_0;
    %addi 1, 0, 32;
    %store/vec4 v000002a783004000_0, 0, 32;
T_0.1 ;
    %end;
S_000002a782ee92f0 .scope task, "do_reset" "do_reset" 2 88, 2 88 0, S_000002a782eef620;
 .timescale -9 -12;
E_000002a782f15e90 .event posedge, v000002a782f05580_0;
TD_mem_control_tb.do_reset ;
    %pushi/vec4 0, 0, 1;
    %store/vec4 v000002a7830039c0_0, 0, 1;
    %pushi/vec4 0, 0, 1;
    %store/vec4 v000002a783003e20_0, 0, 1;
    %pushi/vec4 0, 0, 1;
    %store/vec4 v000002a783003740_0, 0, 1;
    %pushi/vec4 0, 0, 32;
    %store/vec4 v000002a783002e80_0, 0, 32;
    %pushi/vec4 0, 0, 32;
    %store/vec4 v000002a783002ca0_0, 0, 32;
    %pushi/vec4 0, 0, 16;
    %store/vec4 v000002a783002f20_0, 0, 16;
    %wait E_000002a782f15e90;
    %delay 1000, 0;
    %wait E_000002a782f15e90;
    %delay 1000, 0;
    %pushi/vec4 0, 0, 1;
    %store/vec4 v000002a7830039c0_0, 0, 1;
    %end;
S_000002a782efdb60 .scope module, "dut" "mem_control" 2 49, 3 3 0, S_000002a782eef620;
 .timescale 0 0;
    .port_info 0 /INPUT 1 "clk";
    .port_info 1 /INPUT 1 "reset";
    .port_info 2 /INPUT 32 "AddrIn";
    .port_info 3 /INPUT 1 "EnIn";
    .port_info 4 /INPUT 1 "WrEnIn";
    .port_info 5 /INPUT 32 "WrData";
    .port_info 6 /INPUT 16 "ReDataFromRAM";
    .port_info 7 /OUTPUT 32 "ReData";
    .port_info 8 /OUTPUT 1 "WrEnOut";
    .port_info 9 /OUTPUT 13 "AddrOut";
    .port_info 10 /OUTPUT 2 "BankAddr";
    .port_info 11 /OUTPUT 16 "DataOut";
    .port_info 12 /OUTPUT 2 "DataMask";
    .port_info 13 /OUTPUT 1 "RowAddrStrobe";
    .port_info 14 /OUTPUT 1 "ColAddrStrobe";
    .port_info 15 /OUTPUT 1 "busy";
    .port_info 16 /OUTPUT 1 "done";
P_000002a782f13410 .param/l "COL_FAILSWITCH" 1 3 29, C4<0110>;
P_000002a782f13448 .param/l "DONE" 1 3 31, C4<1000>;
P_000002a782f13480 .param/l "IDLE" 1 3 23, C4<0000>;
P_000002a782f134b8 .param/l "READ_1" 1 3 27, C4<0100>;
P_000002a782f134f0 .param/l "READ_2" 1 3 28, C4<0101>;
P_000002a782f13528 .param/l "REROW" 1 3 30, C4<0111>;
P_000002a782f13560 .param/l "WAIT" 1 3 24, C4<0001>;
P_000002a782f13598 .param/l "WAITING_TIME" 1 3 33, C4<11>;
P_000002a782f135d0 .param/l "WRITE_1" 1 3 25, C4<0010>;
P_000002a782f13608 .param/l "WRITE_2" 1 3 26, C4<0011>;
v000002a782f051c0_0 .net "AddrIn", 31 0, v000002a783002e80_0;  1 drivers
v000002a782f05800_0 .var "AddrOut", 12 0;
v000002a782f05260_0 .var "BankAddr", 1 0;
v000002a782f05080_0 .var "ColAddrStrobe", 0 0;
v000002a782f05300_0 .var "DataMask", 1 0;
v000002a782f04ae0_0 .var "DataOut", 15 0;
v000002a782f053a0_0 .net "EnIn", 0 0, v000002a783003e20_0;  1 drivers
v000002a782f04ea0_0 .var "ReData", 31 0;
v000002a782f04fe0_0 .net "ReDataFromRAM", 15 0, v000002a783002f20_0;  1 drivers
v000002a782f049a0_0 .var "RowAddrStrobe", 0 0;
v000002a782f04b80_0 .net "WrData", 31 0, v000002a783002ca0_0;  1 drivers
v000002a782f04c20_0 .net "WrEnIn", 0 0, v000002a783003740_0;  1 drivers
v000002a782f054e0_0 .var "WrEnOut", 0 0;
v000002a782f04cc0_0 .var "busy", 0 0;
v000002a782f05580_0 .net "clk", 0 0, v000002a783002520_0;  1 drivers
v000002a782f05620_0 .var "col", 9 0;
v000002a782f056c0_0 .var "counter", 1 0;
v000002a782f058a0_0 .var "done", 0 0;
v000002a782f04d60_0 .var "next_bank_row", 14 0;
v000002a782f04e00_0 .var "next_state", 3 0;
v000002a7830027a0_0 .net "reset", 0 0, v000002a7830039c0_0;  1 drivers
v000002a783003f60_0 .var "row", 12 0;
v000002a783003b00_0 .var "state", 3 0;
v000002a783002ac0_0 .var "tempData", 31 0;
E_000002a782f15b50 .event posedge, v000002a7830027a0_0, v000002a782f05580_0;
S_000002a782e62830 .scope task, "tc10_busy_done_pulse" "tc10_busy_done_pulse" 2 403, 2 403 0, S_000002a782eef620;
 .timescale -9 -12;
v000002a7830022a0_0 .var/i "busy_cycles", 31 0;
v000002a783002fc0_0 .var/i "done_cycles", 31 0;
v000002a7830023e0_0 .var "timed_out", 0 0;
TD_mem_control_tb.tc10_busy_done_pulse ;
    %vpi_call 2 408 "$display", "\012--- TC10: busy/done pulse widths ---" {0 0 0};
    %fork TD_mem_control_tb.do_reset, S_000002a782ee92f0;
    %join;
    %pushi/vec4 0, 0, 1;
    %store/vec4 v000002a7830025c0_0, 0, 1;
    %pushi/vec4 0, 0, 16;
    %store/vec4 v000002a783003920_0, 0, 16;
    %pushi/vec4 1, 0, 16;
    %store/vec4 v000002a783002700_0, 0, 16;
    %pushi/vec4 28752, 0, 32;
    %store/vec4 v000002a783002e80_0, 0, 32;
    %pushi/vec4 0, 0, 1;
    %store/vec4 v000002a783003740_0, 0, 1;
    %pushi/vec4 1, 0, 1;
    %store/vec4 v000002a783003e20_0, 0, 1;
    %wait E_000002a782f15e90;
    %delay 1000, 0;
    %pushi/vec4 0, 0, 1;
    %store/vec4 v000002a783003e20_0, 0, 1;
    %pushi/vec4 0, 0, 32;
    %store/vec4 v000002a7830022a0_0, 0, 32;
    %fork TD_mem_control_tb.wait_done, S_000002a783006c70;
    %join;
    %load/vec4 v000002a783003ec0_0;
    %store/vec4 v000002a7830023e0_0, 0, 1;
    %load/vec4 v000002a7830023e0_0;
    %nor/r;
    %store/vec4 v000002a782f05120_0, 0, 1;
    %pushi/vec4 3940083402, 0, 33;
    %concati/vec4 3051201937, 0, 33;
    %concati/vec4 3516957069, 0, 32;
    %concati/vec4 677733227, 0, 30;
    %store/vec4 v000002a782f04a40_0, 0, 128;
    %fork TD_mem_control_tb.check, S_000002a782eeb770;
    %join;
    %load/vec4 v000002a783002d40_0;
    %flag_set/vec4 8;
    %jmp/0 T_2.2, 8;
    %pushi/vec4 1, 0, 32;
    %jmp/1 T_2.3, 8;
T_2.2 ; End of true expr.
    %pushi/vec4 0, 0, 32;
    %jmp/0 T_2.3, 8;
 ; End of false expr.
    %blend;
T_2.3;
    %store/vec4 v000002a783002fc0_0, 0, 32;
    %wait E_000002a782f15e90;
    %delay 1000, 0;
    %load/vec4 v000002a783002d40_0;
    %pushi/vec4 0, 0, 1;
    %cmp/e;
    %flag_get/vec4 4;
    %store/vec4 v000002a782f05120_0, 0, 1;
    %pushi/vec4 3829456604, 0, 33;
    %concati/vec4 3393226910, 0, 32;
    %concati/vec4 2626306246, 0, 32;
    %concati/vec4 2036558949, 0, 31;
    %store/vec4 v000002a782f04a40_0, 0, 128;
    %fork TD_mem_control_tb.check, S_000002a782eeb770;
    %join;
    %load/vec4 v000002a7830031a0_0;
    %pushi/vec4 0, 0, 1;
    %cmp/e;
    %flag_get/vec4 4;
    %store/vec4 v000002a782f05120_0, 0, 1;
    %pushi/vec4 3872056552, 0, 33;
    %concati/vec4 3863003852, 0, 32;
    %concati/vec4 3905610816, 0, 32;
    %concati/vec4 1146048069, 0, 31;
    %store/vec4 v000002a782f04a40_0, 0, 128;
    %fork TD_mem_control_tb.check, S_000002a782eeb770;
    %join;
    %end;
S_000002a782e629c0 .scope task, "tc11_read_data_assembly" "tc11_read_data_assembly" 2 435, 2 435 0, S_000002a782eef620;
 .timescale -9 -12;
v000002a783002840_0 .var "timed_out", 0 0;
TD_mem_control_tb.tc11_read_data_assembly ;
    %vpi_call 2 438 "$display", "\012--- TC11: ReData assembly (hi:lo from two RAM words) ---" {0 0 0};
    %fork TD_mem_control_tb.do_reset, S_000002a782ee92f0;
    %join;
    %pushi/vec4 0, 0, 1;
    %store/vec4 v000002a7830025c0_0, 0, 1;
    %pushi/vec4 4660, 0, 16;
    %store/vec4 v000002a783003920_0, 0, 16;
    %pushi/vec4 22136, 0, 16;
    %store/vec4 v000002a783002700_0, 0, 16;
    %pushi/vec4 36608, 0, 32;
    %store/vec4 v000002a783002e80_0, 0, 32;
    %pushi/vec4 0, 0, 1;
    %store/vec4 v000002a783003740_0, 0, 1;
    %pushi/vec4 1, 0, 1;
    %store/vec4 v000002a783003e20_0, 0, 1;
    %wait E_000002a782f15e90;
    %delay 1000, 0;
    %pushi/vec4 0, 0, 1;
    %store/vec4 v000002a783003e20_0, 0, 1;
    %fork TD_mem_control_tb.wait_done, S_000002a783006c70;
    %join;
    %load/vec4 v000002a783003ec0_0;
    %store/vec4 v000002a783002840_0, 0, 1;
    %load/vec4 v000002a783002840_0;
    %nor/r;
    %store/vec4 v000002a782f05120_0, 0, 1;
    %pushi/vec4 3900819861, 0, 34;
    %concati/vec4 2240840077, 0, 32;
    %concati/vec4 3182805425, 0, 32;
    %concati/vec4 628385139, 0, 30;
    %store/vec4 v000002a782f04a40_0, 0, 128;
    %fork TD_mem_control_tb.check, S_000002a782eeb770;
    %join;
    %load/vec4 v000002a783003420_0;
    %parti/s 16, 0, 2;
    %load/vec4 v000002a783003920_0;
    %cmp/e;
    %flag_get/vec4 4;
    %store/vec4 v000002a782f05120_0, 0, 1;
    %pushi/vec4 4102134181, 0, 34;
    %concati/vec4 3385708673, 0, 32;
    %concati/vec4 2450155779, 0, 33;
    %concati/vec4 393179748, 0, 29;
    %store/vec4 v000002a782f04a40_0, 0, 128;
    %fork TD_mem_control_tb.check, S_000002a782eeb770;
    %join;
    %load/vec4 v000002a783003420_0;
    %parti/s 16, 16, 6;
    %load/vec4 v000002a783002700_0;
    %cmp/e;
    %flag_get/vec4 4;
    %store/vec4 v000002a782f05120_0, 0, 1;
    %pushi/vec4 2177734029, 0, 34;
    %concati/vec4 3183054977, 0, 32;
    %concati/vec4 2450155779, 0, 33;
    %concati/vec4 393179748, 0, 29;
    %store/vec4 v000002a782f04a40_0, 0, 128;
    %fork TD_mem_control_tb.check, S_000002a782eeb770;
    %join;
    %load/vec4 v000002a783003420_0;
    %pushi/vec4 1450709556, 0, 32;
    %cmp/e;
    %flag_get/vec4 4;
    %store/vec4 v000002a782f05120_0, 0, 1;
    %pushi/vec4 3896550602, 0, 33;
    %concati/vec4 2294474946, 0, 32;
    %concati/vec4 2173550025, 0, 33;
    %concati/vec4 845505396, 0, 30;
    %store/vec4 v000002a782f04a40_0, 0, 128;
    %fork TD_mem_control_tb.check, S_000002a782eeb770;
    %join;
    %end;
S_000002a782e62b50 .scope task, "tc12_write_signal_sequencing" "tc12_write_signal_sequencing" 2 461, 2 461 0, S_000002a782eef620;
 .timescale -9 -12;
v000002a783002480_0 .var "cas_seen", 0 0;
v000002a7830037e0_0 .var "ras_before_cas", 0 0;
v000002a783003ba0_0 .var "ras_seen", 0 0;
v000002a783003c40_0 .var "we_seen", 0 0;
TD_mem_control_tb.tc12_write_signal_sequencing ;
    %vpi_call 2 468 "$display", "\012--- TC12: Write control signal sequencing ---" {0 0 0};
    %fork TD_mem_control_tb.do_reset, S_000002a782ee92f0;
    %join;
    %pushi/vec4 0, 0, 1;
    %store/vec4 v000002a7830025c0_0, 0, 1;
    %pushi/vec4 0, 0, 1;
    %store/vec4 v000002a783003ba0_0, 0, 1;
    %pushi/vec4 0, 0, 1;
    %store/vec4 v000002a783002480_0, 0, 1;
    %pushi/vec4 0, 0, 1;
    %store/vec4 v000002a783003c40_0, 0, 1;
    %pushi/vec4 0, 0, 1;
    %store/vec4 v000002a7830037e0_0, 0, 1;
    %pushi/vec4 38144, 0, 32;
    %store/vec4 v000002a783002e80_0, 0, 32;
    %pushi/vec4 4275878552, 0, 32;
    %store/vec4 v000002a783002ca0_0, 0, 32;
    %pushi/vec4 1, 0, 1;
    %store/vec4 v000002a783003740_0, 0, 1;
    %pushi/vec4 1, 0, 1;
    %store/vec4 v000002a783003e20_0, 0, 1;
    %wait E_000002a782f15e90;
    %delay 1000, 0;
    %pushi/vec4 0, 0, 1;
    %store/vec4 v000002a783003e20_0, 0, 1;
    %fork t_1, S_000002a782f4eae0;
    %jmp t_0;
    .scope S_000002a782f4eae0;
t_1 ;
    %pushi/vec4 0, 0, 32;
    %store/vec4 v000002a783002660_0, 0, 32;
T_4.4 ;
    %load/vec4 v000002a783002660_0;
    %cmpi/s 60, 0, 32;
    %jmp/0xz T_4.5, 5;
    %load/vec4 v000002a783002c00_0;
    %nor/r;
    %flag_set/vec4 8;
    %jmp/0xz  T_4.6, 8;
    %pushi/vec4 1, 0, 1;
    %store/vec4 v000002a783003ba0_0, 0, 1;
T_4.6 ;
    %load/vec4 v000002a783002200_0;
    %nor/r;
    %flag_set/vec4 8;
    %jmp/0xz  T_4.8, 8;
    %pushi/vec4 1, 0, 1;
    %store/vec4 v000002a783002480_0, 0, 1;
    %load/vec4 v000002a783003ba0_0;
    %flag_set/vec4 8;
    %jmp/0xz  T_4.10, 8;
    %pushi/vec4 1, 0, 1;
    %store/vec4 v000002a7830037e0_0, 0, 1;
T_4.10 ;
T_4.8 ;
    %load/vec4 v000002a783003880_0;
    %nor/r;
    %flag_set/vec4 9;
    %flag_get/vec4 9;
    %jmp/0 T_4.14, 9;
    %load/vec4 v000002a783002200_0;
    %nor/r;
    %and;
T_4.14;
    %flag_set/vec4 8;
    %jmp/0xz  T_4.12, 8;
    %pushi/vec4 1, 0, 1;
    %store/vec4 v000002a783003c40_0, 0, 1;
T_4.12 ;
    %load/vec4 v000002a783002d40_0;
    %flag_set/vec4 8;
    %jmp/0xz  T_4.15, 8;
    %pushi/vec4 60, 0, 32;
    %store/vec4 v000002a783002660_0, 0, 32;
T_4.15 ;
    %wait E_000002a782f15e90;
    %delay 1000, 0;
    %load/vec4 v000002a783002660_0;
    %addi 1, 0, 32;
    %store/vec4 v000002a783002660_0, 0, 32;
    %jmp T_4.4;
T_4.5 ;
    %end;
    .scope S_000002a782e62b50;
t_0 %join;
    %load/vec4 v000002a783003ba0_0;
    %store/vec4 v000002a782f05120_0, 0, 1;
    %pushi/vec4 3905603648, 0, 33;
    %concati/vec4 3370837202, 0, 32;
    %concati/vec4 3704504558, 0, 32;
    %concati/vec4 1919513701, 0, 31;
    %store/vec4 v000002a782f04a40_0, 0, 128;
    %fork TD_mem_control_tb.check, S_000002a782eeb770;
    %join;
    %load/vec4 v000002a783002480_0;
    %store/vec4 v000002a782f05120_0, 0, 1;
    %pushi/vec4 3905603648, 0, 33;
    %concati/vec4 3370837202, 0, 32;
    %concati/vec4 3704504558, 0, 32;
    %concati/vec4 1919513701, 0, 31;
    %store/vec4 v000002a782f04a40_0, 0, 128;
    %fork TD_mem_control_tb.check, S_000002a782eeb770;
    %join;
    %load/vec4 v000002a783003c40_0;
    %store/vec4 v000002a782f05120_0, 0, 1;
    %pushi/vec4 3704017608, 0, 33;
    %concati/vec4 3403475008, 0, 32;
    %concati/vec4 4006799568, 0, 32;
    %concati/vec4 541278547, 0, 31;
    %store/vec4 v000002a782f04a40_0, 0, 128;
    %fork TD_mem_control_tb.check, S_000002a782eeb770;
    %join;
    %load/vec4 v000002a7830037e0_0;
    %store/vec4 v000002a782f05120_0, 0, 1;
    %pushi/vec4 2176960957, 0, 34;
    %concati/vec4 3518860733, 0, 32;
    %concati/vec4 2961292745, 0, 32;
    %concati/vec4 610628137, 0, 30;
    %store/vec4 v000002a782f04a40_0, 0, 128;
    %fork TD_mem_control_tb.check, S_000002a782eeb770;
    %join;
    %load/vec4 v000002a783002d40_0;
    %pushi/vec4 1, 0, 1;
    %cmp/e;
    %flag_get/vec4 4;
    %store/vec4 v000002a782f05120_0, 0, 1;
    %pushi/vec4 3267815634, 0, 33;
    %concati/vec4 3738976454, 0, 32;
    %concati/vec4 3738886360, 0, 32;
    %concati/vec4 1702126963, 0, 31;
    %store/vec4 v000002a782f04a40_0, 0, 128;
    %fork TD_mem_control_tb.check, S_000002a782eeb770;
    %join;
    %pushi/vec4 0, 0, 1;
    %store/vec4 v000002a783003740_0, 0, 1;
    %end;
S_000002a782f4eae0 .scope begin, "seq_loop" "seq_loop" 2 482, 2 482 0, S_000002a782e62b50;
 .timescale -9 -12;
v000002a783002660_0 .var/i "k", 31 0;
S_000002a782f4ec70 .scope task, "tc1_reset" "tc1_reset" 2 152, 2 152 0, S_000002a782eef620;
 .timescale -9 -12;
TD_mem_control_tb.tc1_reset ;
    %vpi_call 2 154 "$display", "\012--- TC1: Reset behaviour ---" {0 0 0};
    %pushi/vec4 1, 0, 1;
    %store/vec4 v000002a7830039c0_0, 0, 1;
    %pushi/vec4 1, 0, 1;
    %store/vec4 v000002a783003e20_0, 0, 1;
    %pushi/vec4 1, 0, 1;
    %store/vec4 v000002a783003740_0, 0, 1;
    %wait E_000002a782f15e90;
    %delay 1000, 0;
    %load/vec4 v000002a783003880_0;
    %pushi/vec4 1, 0, 1;
    %cmp/e;
    %flag_get/vec4 4;
    %store/vec4 v000002a782f05120_0, 0, 1;
    %pushi/vec4 3469759040, 0, 33;
    %concati/vec4 3370837202, 0, 32;
    %concati/vec4 3704504548, 0, 32;
    %concati/vec4 1702061428, 0, 31;
    %store/vec4 v000002a782f04a40_0, 0, 128;
    %fork TD_mem_control_tb.check, S_000002a782eeb770;
    %join;
    %load/vec4 v000002a783002c00_0;
    %pushi/vec4 1, 0, 1;
    %cmp/e;
    %flag_get/vec4 4;
    %store/vec4 v000002a782f05120_0, 0, 1;
    %pushi/vec4 3469759040, 0, 33;
    %concati/vec4 3370837202, 0, 32;
    %concati/vec4 3704504548, 0, 32;
    %concati/vec4 1702061428, 0, 31;
    %store/vec4 v000002a782f04a40_0, 0, 128;
    %fork TD_mem_control_tb.check, S_000002a782eeb770;
    %join;
    %load/vec4 v000002a783002200_0;
    %pushi/vec4 1, 0, 1;
    %cmp/e;
    %flag_get/vec4 4;
    %store/vec4 v000002a782f05120_0, 0, 1;
    %pushi/vec4 3469759040, 0, 33;
    %concati/vec4 3370837202, 0, 32;
    %concati/vec4 3704504548, 0, 32;
    %concati/vec4 1702061428, 0, 31;
    %store/vec4 v000002a782f04a40_0, 0, 128;
    %fork TD_mem_control_tb.check, S_000002a782eeb770;
    %join;
    %load/vec4 v000002a7830031a0_0;
    %pushi/vec4 0, 0, 1;
    %cmp/e;
    %flag_get/vec4 4;
    %store/vec4 v000002a782f05120_0, 0, 1;
    %pushi/vec4 3638488640, 0, 33;
    %concati/vec4 3370837202, 0, 32;
    %concati/vec4 3704504548, 0, 32;
    %concati/vec4 1702061428, 0, 31;
    %store/vec4 v000002a782f04a40_0, 0, 128;
    %fork TD_mem_control_tb.check, S_000002a782eeb770;
    %join;
    %load/vec4 v000002a783002d40_0;
    %pushi/vec4 0, 0, 1;
    %cmp/e;
    %flag_get/vec4 4;
    %store/vec4 v000002a782f05120_0, 0, 1;
    %pushi/vec4 3638488640, 0, 33;
    %concati/vec4 3370837202, 0, 32;
    %concati/vec4 3704504548, 0, 32;
    %concati/vec4 1702061428, 0, 31;
    %store/vec4 v000002a782f04a40_0, 0, 128;
    %fork TD_mem_control_tb.check, S_000002a782eeb770;
    %join;
    %pushi/vec4 0, 0, 1;
    %store/vec4 v000002a7830039c0_0, 0, 1;
    %pushi/vec4 0, 0, 1;
    %store/vec4 v000002a783003e20_0, 0, 1;
    %pushi/vec4 0, 0, 1;
    %store/vec4 v000002a783003740_0, 0, 1;
    %wait E_000002a782f15e90;
    %delay 1000, 0;
    %end;
S_000002a782f4ee00 .scope task, "tc2_idle_no_enable" "tc2_idle_no_enable" 2 172, 2 172 0, S_000002a782eef620;
 .timescale -9 -12;
TD_mem_control_tb.tc2_idle_no_enable ;
    %vpi_call 2 174 "$display", "\012--- TC2: IDLE with EnIn=0 ---" {0 0 0};
    %fork TD_mem_control_tb.do_reset, S_000002a782ee92f0;
    %join;
    %pushi/vec4 4, 0, 32;
T_6.17 %dup/vec4;
    %pushi/vec4 0, 0, 32;
    %cmp/s;
    %jmp/1xz T_6.18, 5;
    %jmp/1 T_6.18, 4;
    %pushi/vec4 1, 0, 32;
    %sub;
    %wait E_000002a782f15e90;
    %jmp T_6.17;
T_6.18 ;
    %pop/vec4 1;
    %delay 1000, 0;
    %load/vec4 v000002a7830031a0_0;
    %pushi/vec4 0, 0, 1;
    %cmp/e;
    %flag_get/vec4 4;
    %store/vec4 v000002a782f05120_0, 0, 1;
    %pushi/vec4 4075176152, 0, 33;
    %concati/vec4 3740156142, 0, 32;
    %concati/vec4 3502955584, 0, 32;
    %concati/vec4 1768189029, 0, 31;
    %store/vec4 v000002a782f04a40_0, 0, 128;
    %fork TD_mem_control_tb.check, S_000002a782eeb770;
    %join;
    %load/vec4 v000002a783002d40_0;
    %pushi/vec4 0, 0, 1;
    %cmp/e;
    %flag_get/vec4 4;
    %store/vec4 v000002a782f05120_0, 0, 1;
    %pushi/vec4 4075176152, 0, 33;
    %concati/vec4 3740156142, 0, 32;
    %concati/vec4 3502955584, 0, 32;
    %concati/vec4 1768189029, 0, 31;
    %store/vec4 v000002a782f04a40_0, 0, 128;
    %fork TD_mem_control_tb.check, S_000002a782eeb770;
    %join;
    %load/vec4 v000002a783002c00_0;
    %pushi/vec4 1, 0, 1;
    %cmp/e;
    %flag_get/vec4 4;
    %store/vec4 v000002a782f05120_0, 0, 1;
    %pushi/vec4 3537683142, 0, 33;
    %concati/vec4 3906137290, 0, 32;
    %concati/vec4 2175121537, 0, 33;
    %concati/vec4 694447205, 0, 30;
    %store/vec4 v000002a782f04a40_0, 0, 128;
    %fork TD_mem_control_tb.check, S_000002a782eeb770;
    %join;
    %load/vec4 v000002a783002200_0;
    %pushi/vec4 1, 0, 1;
    %cmp/e;
    %flag_get/vec4 4;
    %store/vec4 v000002a782f05120_0, 0, 1;
    %pushi/vec4 3537683142, 0, 33;
    %concati/vec4 3906137290, 0, 32;
    %concati/vec4 2175121537, 0, 33;
    %concati/vec4 694447205, 0, 30;
    %store/vec4 v000002a782f04a40_0, 0, 128;
    %fork TD_mem_control_tb.check, S_000002a782eeb770;
    %join;
    %load/vec4 v000002a783003880_0;
    %pushi/vec4 1, 0, 1;
    %cmp/e;
    %flag_get/vec4 4;
    %store/vec4 v000002a782f05120_0, 0, 1;
    %pushi/vec4 3537683142, 0, 33;
    %concati/vec4 3906137290, 0, 32;
    %concati/vec4 2175121537, 0, 33;
    %concati/vec4 694447205, 0, 30;
    %store/vec4 v000002a782f04a40_0, 0, 128;
    %fork TD_mem_control_tb.check, S_000002a782eeb770;
    %join;
    %end;
S_000002a782f19360 .scope task, "tc3_normal_write" "tc3_normal_write" 2 188, 2 188 0, S_000002a782eef620;
 .timescale -9 -12;
v000002a783003060_0 .var "timed_out", 0 0;
TD_mem_control_tb.tc3_normal_write ;
    %vpi_call 2 191 "$display", "\012--- TC3: Normal write (col=0x010) ---" {0 0 0};
    %fork TD_mem_control_tb.do_reset, S_000002a782ee92f0;
    %join;
    %pushi/vec4 0, 0, 1;
    %store/vec4 v000002a7830025c0_0, 0, 1;
    %pushi/vec4 1192976, 0, 32;
    %store/vec4 v000002a783002e80_0, 0, 32;
    %pushi/vec4 3735928559, 0, 32;
    %store/vec4 v000002a783002ca0_0, 0, 32;
    %pushi/vec4 1, 0, 1;
    %store/vec4 v000002a783003740_0, 0, 1;
    %pushi/vec4 1, 0, 1;
    %store/vec4 v000002a783003e20_0, 0, 1;
    %wait E_000002a782f15e90;
    %delay 1000, 0;
    %pushi/vec4 0, 0, 1;
    %store/vec4 v000002a783003e20_0, 0, 1;
    %fork TD_mem_control_tb.wait_done, S_000002a783006c70;
    %join;
    %load/vec4 v000002a783003ec0_0;
    %store/vec4 v000002a783003060_0, 0, 1;
    %load/vec4 v000002a783003060_0;
    %nor/r;
    %store/vec4 v000002a782f05120_0, 0, 1;
    %pushi/vec4 2178786769, 0, 34;
    %concati/vec4 2713572816, 0, 32;
    %concati/vec4 2178000309, 0, 32;
    %concati/vec4 628061556, 0, 30;
    %store/vec4 v000002a782f04a40_0, 0, 128;
    %fork TD_mem_control_tb.check, S_000002a782eeb770;
    %join;
    %load/vec4 v000002a783002d40_0;
    %pushi/vec4 1, 0, 1;
    %cmp/e;
    %flag_get/vec4 4;
    %store/vec4 v000002a782f05120_0, 0, 1;
    %pushi/vec4 3437789585, 0, 34;
    %concati/vec4 3183056001, 0, 32;
    %concati/vec4 2244857237, 0, 32;
    %concati/vec4 846488932, 0, 30;
    %store/vec4 v000002a782f04a40_0, 0, 128;
    %fork TD_mem_control_tb.check, S_000002a782eeb770;
    %join;
    %load/vec4 v000002a7830031a0_0;
    %pushi/vec4 0, 0, 1;
    %cmp/e;
    %flag_get/vec4 4;
    %store/vec4 v000002a782f05120_0, 0, 1;
    %pushi/vec4 3269912266, 0, 33;
    %concati/vec4 3840461512, 0, 32;
    %concati/vec4 2173030529, 0, 33;
    %concati/vec4 611282533, 0, 30;
    %store/vec4 v000002a782f04a40_0, 0, 128;
    %fork TD_mem_control_tb.check, S_000002a782eeb770;
    %join;
    %load/vec4 v000002a783003880_0;
    %pushi/vec4 1, 0, 1;
    %cmp/e;
    %flag_get/vec4 4;
    %store/vec4 v000002a782f05120_0, 0, 1;
    %pushi/vec4 3337147116, 0, 33;
    %concati/vec4 3393241804, 0, 32;
    %concati/vec4 3905610816, 0, 32;
    %concati/vec4 1685024357, 0, 31;
    %store/vec4 v000002a782f04a40_0, 0, 128;
    %fork TD_mem_control_tb.check, S_000002a782eeb770;
    %join;
    %load/vec4 v000002a783002c00_0;
    %pushi/vec4 1, 0, 1;
    %cmp/e;
    %flag_get/vec4 4;
    %store/vec4 v000002a782f05120_0, 0, 1;
    %pushi/vec4 3337147116, 0, 33;
    %concati/vec4 3393241804, 0, 32;
    %concati/vec4 3905610816, 0, 32;
    %concati/vec4 1685024357, 0, 31;
    %store/vec4 v000002a782f04a40_0, 0, 128;
    %fork TD_mem_control_tb.check, S_000002a782eeb770;
    %join;
    %load/vec4 v000002a783002200_0;
    %pushi/vec4 1, 0, 1;
    %cmp/e;
    %flag_get/vec4 4;
    %store/vec4 v000002a782f05120_0, 0, 1;
    %pushi/vec4 3337147116, 0, 33;
    %concati/vec4 3393241804, 0, 32;
    %concati/vec4 3905610816, 0, 32;
    %concati/vec4 1685024357, 0, 31;
    %store/vec4 v000002a782f04a40_0, 0, 128;
    %fork TD_mem_control_tb.check, S_000002a782eeb770;
    %join;
    %pushi/vec4 0, 0, 1;
    %store/vec4 v000002a783003740_0, 0, 1;
    %end;
S_000002a782f194f0 .scope task, "tc4_normal_read" "tc4_normal_read" 2 217, 2 217 0, S_000002a782eef620;
 .timescale -9 -12;
v000002a783003ce0_0 .var "timed_out", 0 0;
TD_mem_control_tb.tc4_normal_read ;
    %vpi_call 2 220 "$display", "\012--- TC4: Normal read (col=0x020) ---" {0 0 0};
    %fork TD_mem_control_tb.do_reset, S_000002a782ee92f0;
    %join;
    %pushi/vec4 0, 0, 1;
    %store/vec4 v000002a7830025c0_0, 0, 1;
    %pushi/vec4 51966, 0, 16;
    %store/vec4 v000002a783003920_0, 0, 16;
    %pushi/vec4 47806, 0, 16;
    %store/vec4 v000002a783002700_0, 0, 16;
    %pushi/vec4 4548640, 0, 32;
    %store/vec4 v000002a783002e80_0, 0, 32;
    %pushi/vec4 0, 0, 1;
    %store/vec4 v000002a783003740_0, 0, 1;
    %pushi/vec4 1, 0, 1;
    %store/vec4 v000002a783003e20_0, 0, 1;
    %wait E_000002a782f15e90;
    %delay 1000, 0;
    %pushi/vec4 0, 0, 1;
    %store/vec4 v000002a783003e20_0, 0, 1;
    %fork TD_mem_control_tb.wait_done, S_000002a783006c70;
    %join;
    %load/vec4 v000002a783003ec0_0;
    %store/vec4 v000002a783003ce0_0, 0, 1;
    %load/vec4 v000002a783003ce0_0;
    %nor/r;
    %store/vec4 v000002a782f05120_0, 0, 1;
    %pushi/vec4 2178786769, 0, 34;
    %concati/vec4 2713572816, 0, 32;
    %concati/vec4 2178000309, 0, 32;
    %concati/vec4 628061556, 0, 30;
    %store/vec4 v000002a782f04a40_0, 0, 128;
    %fork TD_mem_control_tb.check, S_000002a782eeb770;
    %join;
    %load/vec4 v000002a783002d40_0;
    %pushi/vec4 1, 0, 1;
    %cmp/e;
    %flag_get/vec4 4;
    %store/vec4 v000002a782f05120_0, 0, 1;
    %pushi/vec4 3504898449, 0, 34;
    %concati/vec4 3183056001, 0, 32;
    %concati/vec4 2244857237, 0, 32;
    %concati/vec4 846488932, 0, 30;
    %store/vec4 v000002a782f04a40_0, 0, 128;
    %fork TD_mem_control_tb.check, S_000002a782eeb770;
    %join;
    %load/vec4 v000002a783003420_0;
    %load/vec4 v000002a783002700_0;
    %load/vec4 v000002a783003920_0;
    %concat/vec4; draw_concat_vec4
    %cmp/e;
    %flag_get/vec4 4;
    %store/vec4 v000002a782f05120_0, 0, 1;
    %pushi/vec4 3403334872, 0, 33;
    %concati/vec4 3402121414, 0, 32;
    %concati/vec4 3739542730, 0, 32;
    %concati/vec4 1668574329, 0, 31;
    %store/vec4 v000002a782f04a40_0, 0, 128;
    %fork TD_mem_control_tb.check, S_000002a782eeb770;
    %join;
    %load/vec4 v000002a783003880_0;
    %pushi/vec4 1, 0, 1;
    %cmp/e;
    %flag_get/vec4 4;
    %store/vec4 v000002a782f05120_0, 0, 1;
    %pushi/vec4 3538733788, 0, 33;
    %concati/vec4 2175909340, 0, 33;
    %concati/vec4 2176694401, 0, 32;
    %concati/vec4 845504868, 0, 30;
    %store/vec4 v000002a782f04a40_0, 0, 128;
    %fork TD_mem_control_tb.check, S_000002a782eeb770;
    %join;
    %end;
S_000002a782f19680 .scope task, "tc5_write_col_wrap" "tc5_write_col_wrap" 2 244, 2 244 0, S_000002a782eef620;
 .timescale -9 -12;
v000002a7830032e0_0 .var "timed_out", 0 0;
TD_mem_control_tb.tc5_write_col_wrap ;
    %vpi_call 2 247 "$display", "\012--- TC5: Write col boundary (col=0x3FF, COL_FAILSWITCH) ---" {0 0 0};
    %fork TD_mem_control_tb.do_reset, S_000002a782ee92f0;
    %join;
    %pushi/vec4 0, 0, 1;
    %store/vec4 v000002a7830025c0_0, 0, 1;
    %pushi/vec4 5119, 0, 32;
    %store/vec4 v000002a783002e80_0, 0, 32;
    %pushi/vec4 305419896, 0, 32;
    %store/vec4 v000002a783002ca0_0, 0, 32;
    %pushi/vec4 1, 0, 1;
    %store/vec4 v000002a783003740_0, 0, 1;
    %pushi/vec4 1, 0, 1;
    %store/vec4 v000002a783003e20_0, 0, 1;
    %wait E_000002a782f15e90;
    %delay 1000, 0;
    %pushi/vec4 0, 0, 1;
    %store/vec4 v000002a783003e20_0, 0, 1;
    %fork TD_mem_control_tb.wait_done, S_000002a783006c70;
    %join;
    %load/vec4 v000002a783003ec0_0;
    %store/vec4 v000002a7830032e0_0, 0, 1;
    %load/vec4 v000002a7830032e0_0;
    %nor/r;
    %store/vec4 v000002a782f05120_0, 0, 1;
    %pushi/vec4 2178786769, 0, 34;
    %concati/vec4 2713572816, 0, 32;
    %concati/vec4 2178000309, 0, 32;
    %concati/vec4 628061556, 0, 30;
    %store/vec4 v000002a782f04a40_0, 0, 128;
    %fork TD_mem_control_tb.check, S_000002a782eeb770;
    %join;
    %load/vec4 v000002a783002d40_0;
    %pushi/vec4 1, 0, 1;
    %cmp/e;
    %flag_get/vec4 4;
    %store/vec4 v000002a782f05120_0, 0, 1;
    %pushi/vec4 3829450462, 0, 33;
    %concati/vec4 3629838052, 0, 32;
    %concati/vec4 3269476590, 0, 32;
    %concati/vec4 1919513701, 0, 31;
    %store/vec4 v000002a782f04a40_0, 0, 128;
    %fork TD_mem_control_tb.check, S_000002a782eeb770;
    %join;
    %pushi/vec4 0, 0, 1;
    %store/vec4 v000002a783003740_0, 0, 1;
    %end;
S_000002a782f19e40 .scope task, "tc6_read_col_wrap" "tc6_read_col_wrap" 2 268, 2 268 0, S_000002a782eef620;
 .timescale -9 -12;
v000002a7830036a0_0 .var "timed_out", 0 0;
TD_mem_control_tb.tc6_read_col_wrap ;
    %vpi_call 2 271 "$display", "\012--- TC6: Read col boundary (col=0x3FF, COL_FAILSWITCH) ---" {0 0 0};
    %fork TD_mem_control_tb.do_reset, S_000002a782ee92f0;
    %join;
    %pushi/vec4 0, 0, 1;
    %store/vec4 v000002a7830025c0_0, 0, 1;
    %pushi/vec4 43981, 0, 16;
    %store/vec4 v000002a783003920_0, 0, 16;
    %pushi/vec4 61185, 0, 16;
    %store/vec4 v000002a783002700_0, 0, 16;
    %pushi/vec4 67583, 0, 32;
    %store/vec4 v000002a783002e80_0, 0, 32;
    %pushi/vec4 0, 0, 1;
    %store/vec4 v000002a783003740_0, 0, 1;
    %pushi/vec4 1, 0, 1;
    %store/vec4 v000002a783003e20_0, 0, 1;
    %wait E_000002a782f15e90;
    %delay 1000, 0;
    %pushi/vec4 0, 0, 1;
    %store/vec4 v000002a783003e20_0, 0, 1;
    %fork TD_mem_control_tb.wait_done, S_000002a783006c70;
    %join;
    %load/vec4 v000002a783003ec0_0;
    %store/vec4 v000002a7830036a0_0, 0, 1;
    %load/vec4 v000002a7830036a0_0;
    %nor/r;
    %store/vec4 v000002a782f05120_0, 0, 1;
    %pushi/vec4 2178786769, 0, 34;
    %concati/vec4 2713572816, 0, 32;
    %concati/vec4 2178000309, 0, 32;
    %concati/vec4 628061556, 0, 30;
    %store/vec4 v000002a782f04a40_0, 0, 128;
    %fork TD_mem_control_tb.check, S_000002a782eeb770;
    %join;
    %load/vec4 v000002a783002d40_0;
    %pushi/vec4 1, 0, 1;
    %cmp/e;
    %flag_get/vec4 4;
    %store/vec4 v000002a782f05120_0, 0, 1;
    %pushi/vec4 3403956422, 0, 33;
    %concati/vec4 3738721006, 0, 32;
    %concati/vec4 3837976640, 0, 32;
    %concati/vec4 1919246692, 0, 31;
    %store/vec4 v000002a782f04a40_0, 0, 128;
    %fork TD_mem_control_tb.check, S_000002a782eeb770;
    %join;
    %load/vec4 v000002a783003420_0;
    %load/vec4 v000002a783002700_0;
    %load/vec4 v000002a783003920_0;
    %concat/vec4; draw_concat_vec4
    %cmp/e;
    %flag_get/vec4 4;
    %store/vec4 v000002a782f05120_0, 0, 1;
    %pushi/vec4 3403956422, 0, 33;
    %concati/vec4 3738721006, 0, 32;
    %concati/vec4 3837976640, 0, 32;
    %concati/vec4 1919246692, 0, 31;
    %store/vec4 v000002a782f04a40_0, 0, 128;
    %fork TD_mem_control_tb.check, S_000002a782eeb770;
    %join;
    %end;
S_000002a782f19fd0 .scope task, "tc7_write_col_wrap_bank_rollover" "tc7_write_col_wrap_bank_rollover" 2 294, 2 294 0, S_000002a782eef620;
 .timescale -9 -12;
v000002a7830028e0_0 .var "timed_out", 0 0;
TD_mem_control_tb.tc7_write_col_wrap_bank_rollover ;
    %vpi_call 2 297 "$display", "\012--- TC7: Write col boundary with bank/row rollover ---" {0 0 0};
    %fork TD_mem_control_tb.do_reset, S_000002a782ee92f0;
    %join;
    %pushi/vec4 0, 0, 1;
    %store/vec4 v000002a7830025c0_0, 0, 1;
    %pushi/vec4 33554431, 0, 32;
    %store/vec4 v000002a783002e80_0, 0, 32;
    %pushi/vec4 4294901760, 0, 32;
    %store/vec4 v000002a783002ca0_0, 0, 32;
    %pushi/vec4 1, 0, 1;
    %store/vec4 v000002a783003740_0, 0, 1;
    %pushi/vec4 1, 0, 1;
    %store/vec4 v000002a783003e20_0, 0, 1;
    %wait E_000002a782f15e90;
    %delay 1000, 0;
    %pushi/vec4 0, 0, 1;
    %store/vec4 v000002a783003e20_0, 0, 1;
    %fork TD_mem_control_tb.wait_done, S_000002a783006c70;
    %join;
    %load/vec4 v000002a783003ec0_0;
    %store/vec4 v000002a7830028e0_0, 0, 1;
    %load/vec4 v000002a7830028e0_0;
    %nor/r;
    %store/vec4 v000002a782f05120_0, 0, 1;
    %pushi/vec4 2178795941, 0, 34;
    %concati/vec4 3516170637, 0, 32;
    %concati/vec4 3182805425, 0, 32;
    %concati/vec4 628385139, 0, 30;
    %store/vec4 v000002a782f04a40_0, 0, 128;
    %fork TD_mem_control_tb.check, S_000002a782eeb770;
    %join;
    %load/vec4 v000002a783002d40_0;
    %pushi/vec4 1, 0, 1;
    %cmp/e;
    %flag_get/vec4 4;
    %store/vec4 v000002a782f05120_0, 0, 1;
    %pushi/vec4 3596281054, 0, 33;
    %concati/vec4 3638091500, 0, 32;
    %concati/vec4 3403956462, 0, 32;
    %concati/vec4 1919513701, 0, 31;
    %store/vec4 v000002a782f04a40_0, 0, 128;
    %fork TD_mem_control_tb.check, S_000002a782eeb770;
    %join;
    %pushi/vec4 0, 0, 1;
    %store/vec4 v000002a783003740_0, 0, 1;
    %end;
S_000002a782f1a160 .scope task, "tc8_back_to_back" "tc8_back_to_back" 2 317, 2 317 0, S_000002a782eef620;
 .timescale -9 -12;
v000002a783002980_0 .var "timed_out", 0 0;
TD_mem_control_tb.tc8_back_to_back ;
    %vpi_call 2 320 "$display", "\012--- TC8: Back-to-back write then read ---" {0 0 0};
    %fork TD_mem_control_tb.do_reset, S_000002a782ee92f0;
    %join;
    %pushi/vec4 0, 0, 1;
    %store/vec4 v000002a7830025c0_0, 0, 1;
    %pushi/vec4 4369, 0, 16;
    %store/vec4 v000002a783003920_0, 0, 16;
    %pushi/vec4 8738, 0, 16;
    %store/vec4 v000002a783002700_0, 0, 16;
    %pushi/vec4 8197, 0, 32;
    %store/vec4 v000002a783002e80_0, 0, 32;
    %pushi/vec4 2864434397, 0, 32;
    %store/vec4 v000002a783002ca0_0, 0, 32;
    %pushi/vec4 1, 0, 1;
    %store/vec4 v000002a783003740_0, 0, 1;
    %pushi/vec4 1, 0, 1;
    %store/vec4 v000002a783003e20_0, 0, 1;
    %wait E_000002a782f15e90;
    %delay 1000, 0;
    %pushi/vec4 0, 0, 1;
    %store/vec4 v000002a783003e20_0, 0, 1;
    %fork TD_mem_control_tb.wait_done, S_000002a783006c70;
    %join;
    %load/vec4 v000002a783003ec0_0;
    %store/vec4 v000002a783002980_0, 0, 1;
    %load/vec4 v000002a783002980_0;
    %nor/r;
    %store/vec4 v000002a782f05120_0, 0, 1;
    %pushi/vec4 2176950661, 0, 34;
    %concati/vec4 3449061773, 0, 32;
    %concati/vec4 3182805425, 0, 32;
    %concati/vec4 628385139, 0, 30;
    %store/vec4 v000002a782f04a40_0, 0, 128;
    %fork TD_mem_control_tb.check, S_000002a782eeb770;
    %join;
    %load/vec4 v000002a783002d40_0;
    %pushi/vec4 1, 0, 1;
    %cmp/e;
    %flag_get/vec4 4;
    %store/vec4 v000002a782f05120_0, 0, 1;
    %pushi/vec4 3370048714, 0, 33;
    %concati/vec4 2173016529, 0, 33;
    %concati/vec4 2512945629, 0, 32;
    %concati/vec4 845771877, 0, 30;
    %store/vec4 v000002a782f04a40_0, 0, 128;
    %fork TD_mem_control_tb.check, S_000002a782eeb770;
    %join;
    %pushi/vec4 0, 0, 1;
    %store/vec4 v000002a783003740_0, 0, 1;
    %wait E_000002a782f15e90;
    %delay 1000, 0;
    %pushi/vec4 0, 0, 1;
    %store/vec4 v000002a7830025c0_0, 0, 1;
    %pushi/vec4 13318, 0, 32;
    %store/vec4 v000002a783002e80_0, 0, 32;
    %pushi/vec4 0, 0, 1;
    %store/vec4 v000002a783003740_0, 0, 1;
    %pushi/vec4 1, 0, 1;
    %store/vec4 v000002a783003e20_0, 0, 1;
    %wait E_000002a782f15e90;
    %delay 1000, 0;
    %pushi/vec4 0, 0, 1;
    %store/vec4 v000002a783003e20_0, 0, 1;
    %fork TD_mem_control_tb.wait_done, S_000002a783006c70;
    %join;
    %load/vec4 v000002a783003ec0_0;
    %store/vec4 v000002a783002980_0, 0, 1;
    %load/vec4 v000002a783002980_0;
    %nor/r;
    %store/vec4 v000002a782f05120_0, 0, 1;
    %pushi/vec4 2176950661, 0, 34;
    %concati/vec4 3449061773, 0, 32;
    %concati/vec4 3182805425, 0, 32;
    %concati/vec4 628385139, 0, 30;
    %store/vec4 v000002a782f04a40_0, 0, 128;
    %fork TD_mem_control_tb.check, S_000002a782eeb770;
    %join;
    %load/vec4 v000002a783002d40_0;
    %pushi/vec4 1, 0, 1;
    %cmp/e;
    %flag_get/vec4 4;
    %store/vec4 v000002a782f05120_0, 0, 1;
    %pushi/vec4 2173812153, 0, 34;
    %concati/vec4 2491516313, 0, 32;
    %concati/vec4 3516254337, 0, 32;
    %concati/vec4 845504868, 0, 30;
    %store/vec4 v000002a782f04a40_0, 0, 128;
    %fork TD_mem_control_tb.check, S_000002a782eeb770;
    %join;
    %load/vec4 v000002a783003420_0;
    %load/vec4 v000002a783002700_0;
    %load/vec4 v000002a783003920_0;
    %concat/vec4; draw_concat_vec4
    %cmp/e;
    %flag_get/vec4 4;
    %store/vec4 v000002a782f05120_0, 0, 1;
    %pushi/vec4 3896560862, 0, 33;
    %concati/vec4 3829458122, 0, 32;
    %concati/vec4 3267903712, 0, 32;
    %concati/vec4 1751216997, 0, 31;
    %store/vec4 v000002a782f04a40_0, 0, 128;
    %fork TD_mem_control_tb.check, S_000002a782eeb770;
    %join;
    %end;
S_000002a783006130 .scope task, "tc9_reset_mid_transaction" "tc9_reset_mid_transaction" 2 354, 2 354 0, S_000002a782eef620;
 .timescale -9 -12;
TD_mem_control_tb.tc9_reset_mid_transaction ;
    %vpi_call 2 357 "$display", "\012--- TC9: Reset mid-transaction ---" {0 0 0};
    %fork TD_mem_control_tb.do_reset, S_000002a782ee92f0;
    %join;
    %pushi/vec4 0, 0, 1;
    %store/vec4 v000002a7830025c0_0, 0, 1;
    %pushi/vec4 22784, 0, 32;
    %store/vec4 v000002a783002e80_0, 0, 32;
    %pushi/vec4 1515890085, 0, 32;
    %store/vec4 v000002a783002ca0_0, 0, 32;
    %pushi/vec4 1, 0, 1;
    %store/vec4 v000002a783003740_0, 0, 1;
    %pushi/vec4 1, 0, 1;
    %store/vec4 v000002a783003e20_0, 0, 1;
    %wait E_000002a782f15e90;
    %delay 1000, 0;
    %pushi/vec4 0, 0, 1;
    %store/vec4 v000002a783003e20_0, 0, 1;
    %pushi/vec4 3, 0, 32;
T_13.19 %dup/vec4;
    %pushi/vec4 0, 0, 32;
    %cmp/s;
    %jmp/1xz T_13.20, 5;
    %jmp/1 T_13.20, 4;
    %pushi/vec4 1, 0, 32;
    %sub;
    %wait E_000002a782f15e90;
    %jmp T_13.19;
T_13.20 ;
    %pop/vec4 1;
    %delay 1000, 0;
    %pushi/vec4 1, 0, 1;
    %store/vec4 v000002a7830039c0_0, 0, 1;
    %wait E_000002a782f15e90;
    %delay 1000, 0;
    %load/vec4 v000002a7830031a0_0;
    %pushi/vec4 0, 0, 1;
    %cmp/e;
    %flag_get/vec4 4;
    %store/vec4 v000002a782f05120_0, 0, 1;
    %pushi/vec4 3905607922, 0, 33;
    %concati/vec4 2173016529, 0, 33;
    %concati/vec4 2512945609, 0, 32;
    %concati/vec4 628319604, 0, 30;
    %store/vec4 v000002a782f04a40_0, 0, 128;
    %fork TD_mem_control_tb.check, S_000002a782eeb770;
    %join;
    %load/vec4 v000002a783002d40_0;
    %pushi/vec4 0, 0, 1;
    %cmp/e;
    %flag_get/vec4 4;
    %store/vec4 v000002a782f05120_0, 0, 1;
    %pushi/vec4 3905607922, 0, 33;
    %concati/vec4 2173016529, 0, 33;
    %concati/vec4 2512945609, 0, 32;
    %concati/vec4 628319604, 0, 30;
    %store/vec4 v000002a782f04a40_0, 0, 128;
    %fork TD_mem_control_tb.check, S_000002a782eeb770;
    %join;
    %load/vec4 v000002a783003880_0;
    %pushi/vec4 1, 0, 1;
    %cmp/e;
    %flag_get/vec4 4;
    %store/vec4 v000002a782f05120_0, 0, 1;
    %pushi/vec4 3906137290, 0, 33;
    %concati/vec4 2173016529, 0, 33;
    %concati/vec4 2512945609, 0, 32;
    %concati/vec4 628319604, 0, 30;
    %store/vec4 v000002a782f04a40_0, 0, 128;
    %fork TD_mem_control_tb.check, S_000002a782eeb770;
    %join;
    %load/vec4 v000002a783002c00_0;
    %pushi/vec4 1, 0, 1;
    %cmp/e;
    %flag_get/vec4 4;
    %store/vec4 v000002a782f05120_0, 0, 1;
    %pushi/vec4 3906137290, 0, 33;
    %concati/vec4 2173016529, 0, 33;
    %concati/vec4 2512945609, 0, 32;
    %concati/vec4 628319604, 0, 30;
    %store/vec4 v000002a782f04a40_0, 0, 128;
    %fork TD_mem_control_tb.check, S_000002a782eeb770;
    %join;
    %load/vec4 v000002a783002200_0;
    %pushi/vec4 1, 0, 1;
    %cmp/e;
    %flag_get/vec4 4;
    %store/vec4 v000002a782f05120_0, 0, 1;
    %pushi/vec4 3906137290, 0, 33;
    %concati/vec4 2173016529, 0, 33;
    %concati/vec4 2512945609, 0, 32;
    %concati/vec4 628319604, 0, 30;
    %store/vec4 v000002a782f04a40_0, 0, 128;
    %fork TD_mem_control_tb.check, S_000002a782eeb770;
    %join;
    %pushi/vec4 0, 0, 1;
    %store/vec4 v000002a7830039c0_0, 0, 1;
    %pushi/vec4 0, 0, 1;
    %store/vec4 v000002a783003740_0, 0, 1;
    %pushi/vec4 2, 0, 32;
T_13.21 %dup/vec4;
    %pushi/vec4 0, 0, 32;
    %cmp/s;
    %jmp/1xz T_13.22, 5;
    %jmp/1 T_13.22, 4;
    %pushi/vec4 1, 0, 32;
    %sub;
    %wait E_000002a782f15e90;
    %jmp T_13.21;
T_13.22 ;
    %pop/vec4 1;
    %delay 1000, 0;
    %pushi/vec4 0, 0, 1;
    %store/vec4 v000002a7830025c0_0, 0, 1;
    %pushi/vec4 48879, 0, 16;
    %store/vec4 v000002a783003920_0, 0, 16;
    %pushi/vec4 57005, 0, 16;
    %store/vec4 v000002a783002700_0, 0, 16;
    %pushi/vec4 25088, 0, 32;
    %store/vec4 v000002a783002e80_0, 0, 32;
    %pushi/vec4 0, 0, 1;
    %store/vec4 v000002a783003740_0, 0, 1;
    %pushi/vec4 1, 0, 1;
    %store/vec4 v000002a783003e20_0, 0, 1;
    %wait E_000002a782f15e90;
    %delay 1000, 0;
    %pushi/vec4 0, 0, 1;
    %store/vec4 v000002a783003e20_0, 0, 1;
    %fork t_3, S_000002a7830067c0;
    %jmp t_2;
    .scope S_000002a7830067c0;
t_3 ;
    %pushi/vec4 0, 0, 1;
    %store/vec4 v000002a783002a20_0, 0, 1;
    %pushi/vec4 0, 0, 32;
    %store/vec4 v000002a783002340_0, 0, 32;
T_13.23 ;
    %load/vec4 v000002a783002340_0;
    %cmpi/s 60, 0, 32;
    %jmp/0xz T_13.24, 5;
    %wait E_000002a782f15e90;
    %delay 1000, 0;
    %load/vec4 v000002a783002d40_0;
    %flag_set/vec4 8;
    %jmp/0xz  T_13.25, 8;
    %pushi/vec4 0, 0, 1;
    %store/vec4 v000002a783002a20_0, 0, 1;
    %pushi/vec4 60, 0, 32;
    %store/vec4 v000002a783002340_0, 0, 32;
T_13.25 ;
    %load/vec4 v000002a783002340_0;
    %addi 1, 0, 32;
    %store/vec4 v000002a783002340_0, 0, 32;
    %jmp T_13.23;
T_13.24 ;
    %load/vec4 v000002a783002d40_0;
    %nor/r;
    %flag_set/vec4 8;
    %jmp/0xz  T_13.27, 8;
    %pushi/vec4 1, 0, 1;
    %store/vec4 v000002a783002a20_0, 0, 1;
T_13.27 ;
    %load/vec4 v000002a783002a20_0;
    %nor/r;
    %store/vec4 v000002a782f05120_0, 0, 1;
    %pushi/vec4 3905610816, 0, 33;
    %concati/vec4 3671246938, 0, 32;
    %concati/vec4 3908059364, 0, 32;
    %concati/vec4 1702061428, 0, 31;
    %store/vec4 v000002a782f04a40_0, 0, 128;
    %fork TD_mem_control_tb.check, S_000002a782eeb770;
    %join;
    %end;
    .scope S_000002a783006130;
t_2 %join;
    %end;
S_000002a7830067c0 .scope begin, "tc9_wait" "tc9_wait" 2 386, 2 386 0, S_000002a783006130;
 .timescale -9 -12;
v000002a783002340_0 .var/i "j", 31 0;
v000002a783002a20_0 .var "timed_out2", 0 0;
S_000002a783006c70 .scope task, "wait_done" "wait_done" 2 100, 2 100 0, S_000002a782eef620;
 .timescale -9 -12;
v000002a783003d80_0 .var/i "i", 31 0;
v000002a783003ec0_0 .var "timed_out", 0 0;
TD_mem_control_tb.wait_done ;
    %pushi/vec4 0, 0, 1;
    %store/vec4 v000002a783003ec0_0, 0, 1;
    %pushi/vec4 0, 0, 32;
    %store/vec4 v000002a783003d80_0, 0, 32;
T_14.29 ;
    %load/vec4 v000002a783003d80_0;
    %cmpi/s 60, 0, 32;
    %jmp/0xz T_14.30, 5;
    %wait E_000002a782f15e90;
    %delay 1000, 0;
    %load/vec4 v000002a783002d40_0;
    %flag_set/vec4 8;
    %jmp/0xz  T_14.31, 8;
    %pushi/vec4 0, 0, 1;
    %store/vec4 v000002a783003ec0_0, 0, 1;
    %pushi/vec4 60, 0, 32;
    %store/vec4 v000002a783003d80_0, 0, 32;
T_14.31 ;
    %load/vec4 v000002a783003d80_0;
    %addi 1, 0, 32;
    %store/vec4 v000002a783003d80_0, 0, 32;
    %jmp T_14.29;
T_14.30 ;
    %load/vec4 v000002a783002d40_0;
    %nor/r;
    %flag_set/vec4 8;
    %jmp/0xz  T_14.33, 8;
    %pushi/vec4 1, 0, 1;
    %store/vec4 v000002a783003ec0_0, 0, 1;
T_14.33 ;
    %end;
    .scope S_000002a782efdb60;
T_15 ;
    %wait E_000002a782f15b50;
    %load/vec4 v000002a7830027a0_0;
    %flag_set/vec4 8;
    %jmp/0xz  T_15.0, 8;
    %pushi/vec4 1, 0, 1;
    %assign/vec4 v000002a782f054e0_0, 0;
    %pushi/vec4 0, 0, 2;
    %assign/vec4 v000002a782f05300_0, 0;
    %pushi/vec4 1, 0, 1;
    %assign/vec4 v000002a782f049a0_0, 0;
    %pushi/vec4 1, 0, 1;
    %assign/vec4 v000002a782f05080_0, 0;
    %pushi/vec4 0, 0, 1;
    %assign/vec4 v000002a782f04cc0_0, 0;
    %pushi/vec4 0, 0, 1;
    %assign/vec4 v000002a782f058a0_0, 0;
    %pushi/vec4 0, 0, 4;
    %assign/vec4 v000002a783003b00_0, 0;
    %pushi/vec4 0, 0, 4;
    %assign/vec4 v000002a782f04e00_0, 0;
    %pushi/vec4 0, 0, 2;
    %assign/vec4 v000002a782f056c0_0, 0;
    %jmp T_15.1;
T_15.0 ;
    %load/vec4 v000002a783003b00_0;
    %dup/vec4;
    %pushi/vec4 0, 0, 4;
    %cmp/u;
    %jmp/1 T_15.2, 6;
    %dup/vec4;
    %pushi/vec4 1, 0, 4;
    %cmp/u;
    %jmp/1 T_15.3, 6;
    %dup/vec4;
    %pushi/vec4 2, 0, 4;
    %cmp/u;
    %jmp/1 T_15.4, 6;
    %dup/vec4;
    %pushi/vec4 3, 0, 4;
    %cmp/u;
    %jmp/1 T_15.5, 6;
    %dup/vec4;
    %pushi/vec4 4, 0, 4;
    %cmp/u;
    %jmp/1 T_15.6, 6;
    %dup/vec4;
    %pushi/vec4 5, 0, 4;
    %cmp/u;
    %jmp/1 T_15.7, 6;
    %dup/vec4;
    %pushi/vec4 6, 0, 4;
    %cmp/u;
    %jmp/1 T_15.8, 6;
    %dup/vec4;
    %pushi/vec4 7, 0, 4;
    %cmp/u;
    %jmp/1 T_15.9, 6;
    %dup/vec4;
    %pushi/vec4 8, 0, 4;
    %cmp/u;
    %jmp/1 T_15.10, 6;
    %pushi/vec4 0, 0, 4;
    %assign/vec4 v000002a783003b00_0, 0;
    %jmp T_15.12;
T_15.2 ;
    %load/vec4 v000002a782f053a0_0;
    %flag_set/vec4 8;
    %jmp/0xz  T_15.13, 8;
    %load/vec4 v000002a782f051c0_0;
    %parti/s 13, 12, 5;
    %assign/vec4 v000002a783003f60_0, 0;
    %load/vec4 v000002a782f051c0_0;
    %parti/s 2, 10, 5;
    %assign/vec4 v000002a782f05260_0, 0;
    %load/vec4 v000002a782f051c0_0;
    %parti/s 10, 0, 2;
    %assign/vec4 v000002a782f05620_0, 0;
    %load/vec4 v000002a782f051c0_0;
    %parti/s 13, 12, 5;
    %assign/vec4 v000002a782f05800_0, 0;
    %pushi/vec4 0, 0, 1;
    %assign/vec4 v000002a782f049a0_0, 0;
    %pushi/vec4 1, 0, 1;
    %assign/vec4 v000002a782f04cc0_0, 0;
    %pushi/vec4 0, 0, 1;
    %assign/vec4 v000002a782f058a0_0, 0;
    %load/vec4 v000002a782f04c20_0;
    %flag_set/vec4 8;
    %jmp/0xz  T_15.15, 8;
    %load/vec4 v000002a782f04b80_0;
    %parti/s 16, 0, 2;
    %assign/vec4 v000002a782f04ae0_0, 0;
    %pushi/vec4 2, 0, 4;
    %assign/vec4 v000002a782f04e00_0, 0;
    %jmp T_15.16;
T_15.15 ;
    %pushi/vec4 4, 0, 4;
    %assign/vec4 v000002a782f04e00_0, 0;
T_15.16 ;
    %pushi/vec4 1, 0, 4;
    %assign/vec4 v000002a783003b00_0, 0;
    %jmp T_15.14;
T_15.13 ;
    %pushi/vec4 0, 0, 1;
    %assign/vec4 v000002a782f04cc0_0, 0;
    %pushi/vec4 0, 0, 1;
    %assign/vec4 v000002a782f058a0_0, 0;
T_15.14 ;
    %jmp T_15.12;
T_15.3 ;
    %pushi/vec4 1, 0, 1;
    %assign/vec4 v000002a782f049a0_0, 0;
    %pushi/vec4 1, 0, 1;
    %assign/vec4 v000002a782f05080_0, 0;
    %pushi/vec4 1, 0, 1;
    %assign/vec4 v000002a782f054e0_0, 0;
    %load/vec4 v000002a782f056c0_0;
    %cmpi/e 3, 0, 2;
    %jmp/0xz  T_15.17, 4;
    %pushi/vec4 0, 0, 2;
    %assign/vec4 v000002a782f056c0_0, 0;
    %load/vec4 v000002a782f04e00_0;
    %assign/vec4 v000002a783003b00_0, 0;
    %jmp T_15.18;
T_15.17 ;
    %load/vec4 v000002a782f056c0_0;
    %addi 1, 0, 2;
    %assign/vec4 v000002a782f056c0_0, 0;
T_15.18 ;
    %jmp T_15.12;
T_15.4 ;
    %pushi/vec4 0, 0, 1;
    %assign/vec4 v000002a782f05080_0, 0;
    %pushi/vec4 0, 0, 1;
    %assign/vec4 v000002a782f054e0_0, 0;
    %pushi/vec4 0, 0, 3;
    %load/vec4 v000002a782f05620_0;
    %concat/vec4; draw_concat_vec4
    %assign/vec4 v000002a782f05800_0, 0;
    %load/vec4 v000002a782f05620_0;
    %cmpi/e 1023, 0, 10;
    %jmp/0xz  T_15.19, 4;
    %pushi/vec4 6, 0, 4;
    %assign/vec4 v000002a782f04e00_0, 0;
    %jmp T_15.20;
T_15.19 ;
    %load/vec4 v000002a782f05620_0;
    %addi 1, 0, 10;
    %assign/vec4 v000002a782f05620_0, 0;
    %pushi/vec4 3, 0, 4;
    %assign/vec4 v000002a782f04e00_0, 0;
T_15.20 ;
    %pushi/vec4 1, 0, 4;
    %assign/vec4 v000002a783003b00_0, 0;
    %jmp T_15.12;
T_15.5 ;
    %pushi/vec4 0, 0, 1;
    %assign/vec4 v000002a782f05080_0, 0;
    %pushi/vec4 0, 0, 1;
    %assign/vec4 v000002a782f054e0_0, 0;
    %pushi/vec4 0, 0, 3;
    %load/vec4 v000002a782f05620_0;
    %concat/vec4; draw_concat_vec4
    %assign/vec4 v000002a782f05800_0, 0;
    %pushi/vec4 8, 0, 4;
    %assign/vec4 v000002a782f04e00_0, 0;
    %pushi/vec4 1, 0, 4;
    %assign/vec4 v000002a783003b00_0, 0;
    %jmp T_15.12;
T_15.6 ;
    %pushi/vec4 0, 0, 1;
    %assign/vec4 v000002a782f05080_0, 0;
    %pushi/vec4 0, 0, 3;
    %load/vec4 v000002a782f05620_0;
    %concat/vec4; draw_concat_vec4
    %assign/vec4 v000002a782f05800_0, 0;
    %load/vec4 v000002a782f05620_0;
    %cmpi/e 1023, 0, 10;
    %jmp/0xz  T_15.21, 4;
    %pushi/vec4 6, 0, 4;
    %assign/vec4 v000002a782f04e00_0, 0;
    %jmp T_15.22;
T_15.21 ;
    %load/vec4 v000002a782f05620_0;
    %addi 1, 0, 10;
    %assign/vec4 v000002a782f05620_0, 0;
    %pushi/vec4 5, 0, 4;
    %assign/vec4 v000002a782f04e00_0, 0;
T_15.22 ;
    %pushi/vec4 1, 0, 4;
    %assign/vec4 v000002a783003b00_0, 0;
    %jmp T_15.12;
T_15.7 ;
    %pushi/vec4 0, 0, 1;
    %assign/vec4 v000002a782f05080_0, 0;
    %pushi/vec4 0, 0, 3;
    %load/vec4 v000002a782f05620_0;
    %concat/vec4; draw_concat_vec4
    %assign/vec4 v000002a782f05800_0, 0;
    %pushi/vec4 8, 0, 4;
    %assign/vec4 v000002a782f04e00_0, 0;
    %pushi/vec4 1, 0, 4;
    %assign/vec4 v000002a783003b00_0, 0;
    %jmp T_15.12;
T_15.8 ;
    %pushi/vec4 0, 0, 10;
    %assign/vec4 v000002a782f05620_0, 0;
    %load/vec4 v000002a783003f60_0;
    %load/vec4 v000002a782f05260_0;
    %concat/vec4; draw_concat_vec4
    %addi 1, 0, 15;
    %assign/vec4 v000002a782f04d60_0, 0;
    %load/vec4 v000002a782f04c20_0;
    %flag_set/vec4 8;
    %jmp/0xz  T_15.23, 8;
    %load/vec4 v000002a782f04b80_0;
    %parti/s 16, 16, 6;
    %assign/vec4 v000002a782f04ae0_0, 0;
T_15.23 ;
    %pushi/vec4 7, 0, 4;
    %assign/vec4 v000002a783003b00_0, 0;
    %jmp T_15.12;
T_15.9 ;
    %load/vec4 v000002a782f04d60_0;
    %parti/s 2, 0, 2;
    %assign/vec4 v000002a782f05260_0, 0;
    %load/vec4 v000002a782f04d60_0;
    %parti/s 13, 2, 3;
    %assign/vec4 v000002a783003f60_0, 0;
    %load/vec4 v000002a782f04d60_0;
    %parti/s 13, 2, 3;
    %assign/vec4 v000002a782f05800_0, 0;
    %pushi/vec4 0, 0, 1;
    %assign/vec4 v000002a782f049a0_0, 0;
    %load/vec4 v000002a782f04c20_0;
    %flag_set/vec4 8;
    %jmp/0 T_15.25, 8;
    %pushi/vec4 3, 0, 4;
    %jmp/1 T_15.26, 8;
T_15.25 ; End of true expr.
    %pushi/vec4 5, 0, 4;
    %jmp/0 T_15.26, 8;
 ; End of false expr.
    %blend;
T_15.26;
    %assign/vec4 v000002a782f04e00_0, 0;
    %pushi/vec4 1, 0, 4;
    %assign/vec4 v000002a783003b00_0, 0;
    %jmp T_15.12;
T_15.10 ;
    %load/vec4 v000002a782f04fe0_0;
    %ix/load 4, 16, 0;
    %ix/load 5, 0, 0;
    %flag_set/imm 4, 0;
    %assign/vec4/off/d v000002a783002ac0_0, 4, 5;
    %load/vec4 v000002a782f04fe0_0;
    %load/vec4 v000002a783002ac0_0;
    %parti/s 16, 0, 2;
    %concat/vec4; draw_concat_vec4
    %assign/vec4 v000002a782f04ea0_0, 0;
    %pushi/vec4 1, 0, 1;
    %assign/vec4 v000002a782f058a0_0, 0;
    %pushi/vec4 0, 0, 4;
    %assign/vec4 v000002a783003b00_0, 0;
    %jmp T_15.12;
T_15.12 ;
    %pop/vec4 1;
T_15.1 ;
    %jmp T_15;
    .thread T_15;
    .scope S_000002a782eef620;
T_16 ;
    %pushi/vec4 0, 0, 32;
    %store/vec4 v000002a783002de0_0, 0, 32;
    %pushi/vec4 0, 0, 32;
    %store/vec4 v000002a783004000_0, 0, 32;
    %end;
    .thread T_16;
    .scope S_000002a782eef620;
T_17 ;
    %pushi/vec4 0, 0, 1;
    %store/vec4 v000002a783002520_0, 0, 1;
    %end;
    .thread T_17;
    .scope S_000002a782eef620;
T_18 ;
    %delay 5000, 0;
    %load/vec4 v000002a783002520_0;
    %inv;
    %store/vec4 v000002a783002520_0, 0, 1;
    %jmp T_18;
    .thread T_18;
    .scope S_000002a782eef620;
T_19 ;
    %wait E_000002a782f156d0;
    %load/vec4 v000002a7830025c0_0;
    %nor/r;
    %flag_set/vec4 8;
    %jmp/0xz  T_19.0, 8;
    %load/vec4 v000002a783003920_0;
    %store/vec4 v000002a783002f20_0, 0, 16;
    %pushi/vec4 1, 0, 1;
    %store/vec4 v000002a7830025c0_0, 0, 1;
    %jmp T_19.1;
T_19.0 ;
    %load/vec4 v000002a783002700_0;
    %store/vec4 v000002a783002f20_0, 0, 16;
    %pushi/vec4 0, 0, 1;
    %store/vec4 v000002a7830025c0_0, 0, 1;
T_19.1 ;
    %jmp T_19;
    .thread T_19;
    .scope S_000002a782eef620;
T_20 ;
    %vpi_call 2 513 "$dumpfile", "mem_control_tb.vcd" {0 0 0};
    %vpi_call 2 514 "$dumpvars", 32'sb00000000000000000000000000000000, S_000002a782eef620 {0 0 0};
    %vpi_call 2 516 "$display", "========================================" {0 0 0};
    %vpi_call 2 517 "$display", "  mem_control testbench" {0 0 0};
    %vpi_call 2 518 "$display", "========================================" {0 0 0};
    %pushi/vec4 0, 0, 1;
    %store/vec4 v000002a783002520_0, 0, 1;
    %pushi/vec4 1, 0, 1;
    %store/vec4 v000002a7830039c0_0, 0, 1;
    %pushi/vec4 0, 0, 1;
    %store/vec4 v000002a783003e20_0, 0, 1;
    %pushi/vec4 0, 0, 1;
    %store/vec4 v000002a783003740_0, 0, 1;
    %pushi/vec4 0, 0, 32;
    %store/vec4 v000002a783002e80_0, 0, 32;
    %pushi/vec4 0, 0, 32;
    %store/vec4 v000002a783002ca0_0, 0, 32;
    %pushi/vec4 0, 0, 16;
    %store/vec4 v000002a783002f20_0, 0, 16;
    %pushi/vec4 0, 0, 1;
    %store/vec4 v000002a7830025c0_0, 0, 1;
    %pushi/vec4 65535, 65535, 16;
    %store/vec4 v000002a783003920_0, 0, 16;
    %pushi/vec4 65535, 65535, 16;
    %store/vec4 v000002a783002700_0, 0, 16;
    %pushi/vec4 2, 0, 32;
T_20.0 %dup/vec4;
    %pushi/vec4 0, 0, 32;
    %cmp/s;
    %jmp/1xz T_20.1, 5;
    %jmp/1 T_20.1, 4;
    %pushi/vec4 1, 0, 32;
    %sub;
    %wait E_000002a782f15e90;
    %jmp T_20.0;
T_20.1 ;
    %pop/vec4 1;
    %delay 1000, 0;
    %pushi/vec4 0, 0, 1;
    %store/vec4 v000002a7830039c0_0, 0, 1;
    %fork TD_mem_control_tb.tc1_reset, S_000002a782f4ec70;
    %join;
    %fork TD_mem_control_tb.tc2_idle_no_enable, S_000002a782f4ee00;
    %join;
    %fork TD_mem_control_tb.tc3_normal_write, S_000002a782f19360;
    %join;
    %fork TD_mem_control_tb.tc4_normal_read, S_000002a782f194f0;
    %join;
    %fork TD_mem_control_tb.tc5_write_col_wrap, S_000002a782f19680;
    %join;
    %fork TD_mem_control_tb.tc6_read_col_wrap, S_000002a782f19e40;
    %join;
    %fork TD_mem_control_tb.tc7_write_col_wrap_bank_rollover, S_000002a782f19fd0;
    %join;
    %fork TD_mem_control_tb.tc8_back_to_back, S_000002a782f1a160;
    %join;
    %fork TD_mem_control_tb.tc9_reset_mid_transaction, S_000002a783006130;
    %join;
    %fork TD_mem_control_tb.tc10_busy_done_pulse, S_000002a782e62830;
    %join;
    %fork TD_mem_control_tb.tc11_read_data_assembly, S_000002a782e629c0;
    %join;
    %fork TD_mem_control_tb.tc12_write_signal_sequencing, S_000002a782e62b50;
    %join;
    %vpi_call 2 548 "$display", "\012========================================" {0 0 0};
    %vpi_call 2 549 "$display", "  Results: %0d PASS  /  %0d FAIL", v000002a783002de0_0, v000002a783004000_0 {0 0 0};
    %vpi_call 2 550 "$display", "========================================" {0 0 0};
    %load/vec4 v000002a783004000_0;
    %cmpi/e 0, 0, 32;
    %jmp/0xz  T_20.2, 4;
    %vpi_call 2 553 "$display", "  ALL TESTS PASSED" {0 0 0};
    %jmp T_20.3;
T_20.2 ;
    %vpi_call 2 555 "$display", "  SOME TESTS FAILED \342\200\223 review output above" {0 0 0};
T_20.3 ;
    %vpi_call 2 557 "$finish" {0 0 0};
    %end;
    .thread T_20;
    .scope S_000002a782eef620;
T_21 ;
    %delay 100000000, 0;
    %vpi_call 2 565 "$display", "WATCHDOG: simulation exceeded 100 us \342\200\223 aborting" {0 0 0};
    %vpi_call 2 566 "$finish" {0 0 0};
    %end;
    .thread T_21;
# The file index is used to find the file name in the following table.
:file_names 4;
    "N/A";
    "<interactive>";
    "mem_control_tb.v";
    "mem_control.v";
